Ketszereplos fizetesi tranzakcio

Inditas: 2011.07.26. 18:12:59

Indito adatok
  posId: #02299991
  azonosito: 34899406161443333252207497624821
  osszeg: 200
  devizanem: HUF
  nyelvkod: hu
  regisztraltUgyfelId: 
  vevoNev: John Customer
  vevoPostaCim: Some street, Neverhood
  vevoIPCim: 92.249.219.73
  ertesitoMail: johnny@customers.com
  ertesitoTel: 
  ketlepcsos: 

Befejezes: 2011.07.26. 18:13:00

Valasz: SIKER

Valasz adatok
  posId: #02299991
  azonosito: 34899406161443333252207497624821
  posValaszkod: 000
  authorizaciosKod: 287450
  teljesites: 2011.07.26 18.13.00 674
